2019-02-21 10:31:14,380 INFO  [Log] close login popup 
2019-02-21 10:31:14,481 INFO  [Log]  Mouse over on the women's menu 
2019-02-21 10:31:14,665 INFO  [Log] click ethnic wear 
2019-02-21 10:34:24,331 INFO  [Log] close login popup 
2019-02-21 10:34:24,535 INFO  [Log]  Mouse over on the women's menu 
2019-02-21 10:34:24,604 INFO  [Log] click ethnic wear 
2019-02-21 10:36:28,738 INFO  [Log] close login popup 
2019-02-21 10:36:28,847 INFO  [Log]  Mouse over on the women's menu 
2019-02-21 10:36:28,940 INFO  [Log] click ethnic wear 
2019-02-21 10:44:51,310 INFO  [Log] close login popup 
2019-02-21 10:44:51,461 INFO  [Log]  Mouse over on the women's menu 
2019-02-21 10:44:51,547 INFO  [Log] click ethnic wear 
2019-02-21 10:44:59,047 INFO  [Log] Select minimum price from dropdown 
2019-02-21 10:44:59,433 INFO  [Log] Select maximum price from dropdown 
2019-02-21 10:44:59,838 INFO  [Log] Select size filter 
2019-02-21 10:45:00,267 INFO  [Log] Select brand filter 
2019-02-21 10:45:00,972 INFO  [Log] Select color filter 
2019-02-21 10:47:52,501 INFO  [Log] close login popup 
2019-02-21 10:47:52,611 INFO  [Log]  Mouse over on the women's menu 
2019-02-21 10:47:52,681 INFO  [Log] click ethnic wear 
2019-02-21 10:48:01,011 INFO  [Log] Select minimum price from dropdown 
2019-02-21 10:48:01,465 INFO  [Log] Select maximum price from dropdown 
2019-02-21 10:48:02,145 INFO  [Log] Select size filter 
2019-02-21 10:49:51,816 INFO  [Log] close login popup 
2019-02-21 10:49:51,938 INFO  [Log]  Mouse over on the women's menu 
2019-02-21 10:49:52,037 INFO  [Log] click ethnic wear 
2019-02-21 10:50:00,854 INFO  [Log] Select minimum price from dropdown 
2019-02-21 10:50:01,284 INFO  [Log] Select maximum price from dropdown 
2019-02-21 10:50:01,942 INFO  [Log] Select size filter 
2019-02-21 10:50:02,313 INFO  [Log] Select brand filter 
2019-02-21 10:51:24,748 INFO  [Log] close login popup 
2019-02-21 10:51:24,874 INFO  [Log]  Mouse over on the women's menu 
2019-02-21 10:51:24,964 INFO  [Log] click ethnic wear 
2019-02-21 10:51:31,385 INFO  [Log] Select minimum price from dropdown 
2019-02-21 10:51:31,777 INFO  [Log] Select maximum price from dropdown 
2019-02-21 10:51:32,430 INFO  [Log] Select size filter 
2019-02-21 10:51:32,721 INFO  [Log] Select brand filter 
2019-02-21 10:52:14,516 INFO  [Log] close login popup 
2019-02-21 10:52:14,655 INFO  [Log]  Mouse over on the women's menu 
2019-02-21 10:52:14,751 INFO  [Log] click ethnic wear 
2019-02-21 10:52:23,793 INFO  [Log] Select minimum price from dropdown 
2019-02-21 10:52:24,217 INFO  [Log] Select maximum price from dropdown 
2019-02-21 10:52:24,934 INFO  [Log] Select size filter 
2019-02-21 10:52:25,232 INFO  [Log] Select brand filter 
2019-02-21 10:53:51,584 INFO  [Log] close login popup 
2019-02-21 10:53:51,709 INFO  [Log]  Mouse over on the women's menu 
2019-02-21 10:53:51,816 INFO  [Log] click ethnic wear 
2019-02-21 10:53:59,642 INFO  [Log] Select minimum price from dropdown 
2019-02-21 10:54:00,087 INFO  [Log] Select maximum price from dropdown 
2019-02-21 10:54:00,440 INFO  [Log] Select size filter 
2019-02-21 10:54:01,238 INFO  [Log] Select brand filter 
2019-02-21 10:59:05,886 INFO  [Log] close login popup 
2019-02-21 10:59:06,015 INFO  [Log]  Mouse over on the women's menu 
2019-02-21 10:59:06,112 INFO  [Log] click ethnic wear 
2019-02-21 10:59:13,783 INFO  [Log] Select minimum price from dropdown 
2019-02-21 10:59:16,316 INFO  [Log] Select maximum price from dropdown 
2019-02-21 10:59:18,678 INFO  [Log] Select size filter 
2019-02-21 10:59:21,013 INFO  [Log] Select brand filter 
2019-02-21 10:59:23,396 INFO  [Log] Select color filter 
2019-02-21 11:00:31,068 INFO  [Log] close login popup 
2019-02-21 11:00:31,221 INFO  [Log]  Mouse over on the women's menu 
2019-02-21 11:00:31,309 INFO  [Log] click ethnic wear 
2019-02-21 11:00:42,523 INFO  [Log] Select minimum price from dropdown 
2019-02-21 11:00:44,959 INFO  [Log] Select maximum price from dropdown 
2019-02-21 11:00:47,282 INFO  [Log] Select size filter 
2019-02-21 11:00:49,613 INFO  [Log] Select brand filter 
2019-02-21 11:00:52,010 INFO  [Log] Select color filter 
2019-02-21 11:00:54,324 INFO  [Log]  Select one of the items from the displayed products 
2019-02-21 11:00:54,494 INFO  [Log] Switch window 
2019-02-21 11:02:04,489 INFO  [Log] close login popup 
2019-02-21 11:02:04,656 INFO  [Log]  Mouse over on the women's menu 
2019-02-21 11:02:04,752 INFO  [Log] click ethnic wear 
2019-02-21 11:02:31,335 INFO  [Log] Select minimum price from dropdown 
2019-02-21 11:02:33,738 INFO  [Log] Select maximum price from dropdown 
2019-02-21 11:02:36,095 INFO  [Log] Select size filter 
2019-02-21 11:03:27,139 INFO  [Log] close login popup 
2019-02-21 11:03:27,327 INFO  [Log]  Mouse over on the women's menu 
2019-02-21 11:03:27,395 INFO  [Log] click ethnic wear 
2019-02-21 11:03:35,071 INFO  [Log] Select minimum price from dropdown 
2019-02-21 11:03:37,523 INFO  [Log] Select maximum price from dropdown 
2019-02-21 11:03:39,866 INFO  [Log] Select size filter 
2019-02-21 11:03:42,208 INFO  [Log] Select brand filter 
2019-02-21 11:03:44,560 INFO  [Log] Select color filter 
2019-02-21 11:03:46,833 INFO  [Log]  Select one of the items from the displayed products 
2019-02-21 11:03:47,055 INFO  [Log] Switch window 
2019-02-21 11:04:35,226 INFO  [Log] close login popup 
2019-02-21 11:04:35,386 INFO  [Log]  Mouse over on the women's menu 
2019-02-21 11:04:35,482 INFO  [Log] click ethnic wear 
2019-02-21 11:04:43,490 INFO  [Log] Select minimum price from dropdown 
2019-02-21 11:04:45,998 INFO  [Log] Select maximum price from dropdown 
2019-02-21 11:04:48,352 INFO  [Log] Select size filter 
2019-02-21 11:04:50,725 INFO  [Log] Select brand filter 
2019-02-21 11:04:53,062 INFO  [Log] Select color filter 
2019-02-21 11:04:55,395 INFO  [Log]  Select one of the items from the displayed products 
2019-02-21 11:04:55,579 INFO  [Log] Switch window 
2019-02-21 11:06:29,315 INFO  [Log] close login popup 
2019-02-21 11:06:29,418 INFO  [Log]  Mouse over on the women's menu 
2019-02-21 11:06:29,588 INFO  [Log] click ethnic wear 
2019-02-21 11:06:39,435 INFO  [Log] Select minimum price from dropdown 
2019-02-21 11:06:42,133 INFO  [Log] Select maximum price from dropdown 
2019-02-21 11:06:44,799 INFO  [Log] Select size filter 
2019-02-21 11:06:47,264 INFO  [Log] Select brand filter 
2019-02-21 11:06:49,956 INFO  [Log] Select color filter 
2019-02-21 11:06:52,337 INFO  [Log]  Select one of the items from the displayed products 
2019-02-21 11:06:52,458 INFO  [Log] Switch window 
2019-02-21 11:08:24,802 INFO  [Log] close login popup 
2019-02-21 11:08:24,899 INFO  [Log]  Mouse over on the women's menu 
2019-02-21 11:08:25,130 INFO  [Log] click ethnic wear 
2019-02-21 11:08:33,006 INFO  [Log] Select minimum price from dropdown 
2019-02-21 11:08:35,638 INFO  [Log] Select maximum price from dropdown 
2019-02-21 11:08:38,112 INFO  [Log] Select size filter 
2019-02-21 11:09:05,696 INFO  [Log] close login popup 
2019-02-21 11:09:05,814 INFO  [Log]  Mouse over on the women's menu 
2019-02-21 11:09:06,004 INFO  [Log] click ethnic wear 
2019-02-21 11:09:19,289 INFO  [Log] Select minimum price from dropdown 
2019-02-21 11:09:21,948 INFO  [Log] Select maximum price from dropdown 
2019-02-21 11:09:24,467 INFO  [Log] Select size filter 
2019-02-21 11:11:53,751 INFO  [Log] close login popup 
2019-02-21 11:11:53,820 INFO  [Log]  Mouse over on the women's menu 
2019-02-21 11:11:54,035 INFO  [Log] click ethnic wear 
2019-02-21 11:12:05,100 INFO  [Log] Select minimum price from dropdown 
2019-02-21 11:12:07,803 INFO  [Log] Select maximum price from dropdown 
2019-02-21 11:12:10,350 INFO  [Log] Select size filter 
2019-02-21 11:12:12,613 INFO  [Log] Select brand filter 
2019-02-21 11:13:52,353 INFO  [Log] close login popup 
2019-02-21 11:13:52,435 INFO  [Log]  Mouse over on the women's menu 
2019-02-21 11:13:52,674 INFO  [Log] click ethnic wear 
2019-02-21 11:14:04,082 INFO  [Log] Select minimum price from dropdown 
2019-02-21 11:14:06,750 INFO  [Log] Select maximum price from dropdown 
2019-02-21 11:14:09,440 INFO  [Log] Select size filter 
2019-02-21 11:14:11,662 INFO  [Log] Select brand filter 
2019-02-21 11:14:15,084 INFO  [Log] Select color filter 
2019-02-21 11:14:17,506 INFO  [Log]  Select one of the items from the displayed products 
2019-02-21 11:14:17,620 INFO  [Log] Switch window 
2019-02-21 11:15:25,093 INFO  [Log] close login popup 
2019-02-21 11:15:25,195 INFO  [Log]  Mouse over on the women's menu 
2019-02-21 11:15:25,391 INFO  [Log] click ethnic wear 
2019-02-21 11:15:46,578 INFO  [Log] Select minimum price from dropdown 
2019-02-21 11:15:49,315 INFO  [Log] Select maximum price from dropdown 
2019-02-21 11:15:51,786 INFO  [Log] Select size filter 
2019-02-21 11:15:53,990 INFO  [Log] Select brand filter 
2019-02-21 11:15:57,025 INFO  [Log] Select color filter 
2019-02-21 11:15:59,392 INFO  [Log]  Select one of the items from the displayed products 
2019-02-21 11:17:29,217 INFO  [Log] close login popup 
2019-02-21 11:17:29,327 INFO  [Log]  Mouse over on the women's menu 
2019-02-21 11:17:29,515 INFO  [Log] click ethnic wear 
2019-02-21 11:17:38,984 INFO  [Log] Select minimum price from dropdown 
2019-02-21 11:17:41,775 INFO  [Log] Select maximum price from dropdown 
2019-02-21 11:17:44,292 INFO  [Log] Select size filter 
2019-02-21 11:17:46,576 INFO  [Log] Select brand filter 
2019-02-21 11:17:49,747 INFO  [Log] Select color filter 
2019-02-21 11:17:52,118 INFO  [Log]  Select one of the items from the displayed products 
2019-02-21 11:17:52,301 INFO  [Log] Switch window 
2019-02-21 11:23:37,054 INFO  [Log] close login popup 
2019-02-21 11:23:37,127 INFO  [Log]  Mouse over on the women's menu 
2019-02-21 11:23:37,355 INFO  [Log] click ethnic wear 
2019-02-21 11:23:51,171 INFO  [Log] Select minimum price from dropdown 
2019-02-21 11:23:53,881 INFO  [Log] Select maximum price from dropdown 
2019-02-21 11:23:56,372 INFO  [Log] Select size filter 
2019-02-21 11:23:58,840 INFO  [Log] Select brand filter 
2019-02-21 11:24:01,525 INFO  [Log] Select color filter 
2019-02-21 11:24:03,905 INFO  [Log]  Select one of the items from the displayed products 
2019-02-21 11:24:04,029 INFO  [Log] Switch window 
2019-02-21 11:25:51,615 INFO  [Log] close login popup 
2019-02-21 11:25:51,701 INFO  [Log]  Mouse over on the women's menu 
2019-02-21 11:25:51,975 INFO  [Log] click ethnic wear 
2019-02-21 11:25:59,578 INFO  [Log] Select minimum price from dropdown 
2019-02-21 11:26:02,258 INFO  [Log] Select maximum price from dropdown 
2019-02-21 11:26:04,816 INFO  [Log] Select size filter 
2019-02-21 11:26:07,226 INFO  [Log] Select brand filter 
2019-02-21 11:26:09,887 INFO  [Log] Select color filter 
2019-02-21 11:26:12,436 INFO  [Log]  Select one of the items from the displayed products 
2019-02-21 11:26:12,588 INFO  [Log] Switch window 
2019-02-21 11:27:59,412 INFO  [Log] close login popup 
2019-02-21 11:27:59,520 INFO  [Log]  Mouse over on the women's menu 
2019-02-21 11:27:59,722 INFO  [Log] click ethnic wear 
2019-02-21 11:28:06,421 INFO  [Log] Select minimum price from dropdown 
2019-02-21 11:28:09,072 INFO  [Log] Select maximum price from dropdown 
2019-02-21 11:28:11,575 INFO  [Log] Select size filter 
2019-02-21 11:28:14,025 INFO  [Log] Select brand filter 
2019-02-21 11:28:16,868 INFO  [Log] Select color filter 
2019-02-21 11:28:19,267 INFO  [Log]  Select one of the items from the displayed products 
2019-02-21 11:28:21,356 INFO  [Log] Switch window 
2019-02-21 11:30:28,789 INFO  [Log] close login popup 
2019-02-21 11:30:28,899 INFO  [Log]  Mouse over on the women's menu 
2019-02-21 11:30:29,082 INFO  [Log] click ethnic wear 
2019-02-21 11:30:37,531 INFO  [Log] Select minimum price from dropdown 
2019-02-21 11:30:40,169 INFO  [Log] Select maximum price from dropdown 
2019-02-21 11:30:42,620 INFO  [Log] Select size filter 
2019-02-21 11:30:45,071 INFO  [Log] Select brand filter 
2019-02-21 11:30:47,721 INFO  [Log] Select color filter 
2019-02-21 11:30:50,102 INFO  [Log]  Select one of the items from the displayed products 
2019-02-21 11:30:52,224 INFO  [Log] Switch window 
2019-02-21 11:37:01,892 INFO  [Log] close login popup 
2019-02-21 11:37:01,991 INFO  [Log]  Mouse over on the women's menu 
2019-02-21 11:37:02,176 INFO  [Log] click ethnic wear 
2019-02-21 11:37:10,110 INFO  [Log] Select minimum price from dropdown 
2019-02-21 11:37:12,840 INFO  [Log] Select maximum price from dropdown 
2019-02-21 11:37:15,338 INFO  [Log] Select size filter 
2019-02-21 11:37:17,796 INFO  [Log] Select brand filter 
2019-02-21 11:37:20,424 INFO  [Log] Select color filter 
2019-02-21 11:37:22,786 INFO  [Log]  Select one of the items from the displayed products 
2019-02-21 11:37:24,913 INFO  [Log] Switch window 
2019-02-21 11:39:44,148 INFO  [Log] close login popup 
2019-02-21 11:39:44,244 INFO  [Log]  Mouse over on the women's menu 
2019-02-21 11:39:44,431 INFO  [Log] click ethnic wear 
2019-02-21 11:39:52,193 INFO  [Log] Select minimum price from dropdown 
2019-02-21 11:39:54,858 INFO  [Log] Select maximum price from dropdown 
2019-02-21 11:39:57,380 INFO  [Log] Select size filter 
2019-02-21 11:39:59,813 INFO  [Log] Select brand filter 
2019-02-21 11:40:02,481 INFO  [Log] Select color filter 
2019-02-21 11:40:04,868 INFO  [Log]  Select one of the items from the displayed products 
2019-02-21 11:40:06,951 INFO  [Log] Switch window 
2019-02-21 11:41:10,872 INFO  [Log] close login popup 
2019-02-21 11:41:10,981 INFO  [Log]  Mouse over on the women's menu 
2019-02-21 11:41:11,164 INFO  [Log] click ethnic wear 
2019-02-21 11:41:22,817 INFO  [Log] Select minimum price from dropdown 
2019-02-21 11:41:25,509 INFO  [Log] Select maximum price from dropdown 
2019-02-21 11:41:28,184 INFO  [Log] Select size filter 
2019-02-21 11:41:30,668 INFO  [Log] Select brand filter 
2019-02-21 11:41:33,354 INFO  [Log] Select color filter 
2019-02-21 11:41:35,748 INFO  [Log]  Select one of the items from the displayed products 
2019-02-21 11:41:37,879 INFO  [Log] Switch window 
2019-02-21 11:42:29,844 INFO  [Log] close login popup 
2019-02-21 11:42:29,917 INFO  [Log]  Mouse over on the women's menu 
2019-02-21 11:42:30,131 INFO  [Log] click ethnic wear 
2019-02-21 11:42:44,573 INFO  [Log] Select minimum price from dropdown 
2019-02-21 11:42:47,253 INFO  [Log] Select maximum price from dropdown 
2019-02-21 11:42:49,756 INFO  [Log] Select size filter 
2019-02-21 11:42:52,238 INFO  [Log] Select brand filter 
2019-02-21 11:42:54,917 INFO  [Log] Select color filter 
2019-02-21 11:42:57,275 INFO  [Log]  Select one of the items from the displayed products 
2019-02-21 11:42:59,423 INFO  [Log] Switch window 
2019-02-21 11:51:10,575 INFO  [Log] close login popup 
2019-02-21 11:51:10,646 INFO  [Log]  Mouse over on the women's menu 
2019-02-21 11:51:10,886 INFO  [Log] click ethnic wear 
2019-02-21 11:51:18,940 INFO  [Log] Select minimum price from dropdown 
2019-02-21 11:51:21,596 INFO  [Log] Select maximum price from dropdown 
2019-02-21 11:51:24,144 INFO  [Log] Select size filter 
2019-02-21 11:51:26,595 INFO  [Log] Select brand filter 
2019-02-21 11:51:29,275 INFO  [Log] Select color filter 
2019-02-21 11:51:31,643 INFO  [Log]  Select one of the items from the displayed products 
2019-02-21 11:51:33,741 INFO  [Log] Switch window 
2019-02-21 11:52:29,815 INFO  [Log] close login popup 
2019-02-21 11:52:29,932 INFO  [Log]  Mouse over on the women's menu 
2019-02-21 11:52:30,123 INFO  [Log] click ethnic wear 
2019-02-21 11:52:39,967 INFO  [Log] Select minimum price from dropdown 
2019-02-21 11:52:42,601 INFO  [Log] Select maximum price from dropdown 
2019-02-21 11:52:45,248 INFO  [Log] Select size filter 
2019-02-21 11:52:47,700 INFO  [Log] Select brand filter 
2019-02-21 11:52:50,357 INFO  [Log] Select color filter 
2019-02-21 11:52:52,726 INFO  [Log]  Select one of the items from the displayed products 
2019-02-21 11:52:54,863 INFO  [Log] Switch window 
2019-02-21 11:54:00,619 INFO  [Log] close login popup 
2019-02-21 11:54:00,722 INFO  [Log]  Mouse over on the women's menu 
2019-02-21 11:54:00,919 INFO  [Log] click ethnic wear 
2019-02-21 11:54:09,110 INFO  [Log] Select minimum price from dropdown 
2019-02-21 11:54:11,781 INFO  [Log] Select maximum price from dropdown 
2019-02-21 11:54:14,247 INFO  [Log] Select size filter 
2019-02-21 11:54:16,731 INFO  [Log] Select brand filter 
2019-02-21 11:54:19,399 INFO  [Log] Select color filter 
2019-02-21 11:54:21,813 INFO  [Log]  Select one of the items from the displayed products 
2019-02-21 11:54:23,931 INFO  [Log] Switch window 
2019-02-21 11:55:23,177 INFO  [Log] close login popup 
2019-02-21 11:55:23,239 INFO  [Log]  Mouse over on the women's menu 
2019-02-21 11:55:23,452 INFO  [Log] click ethnic wear 
2019-02-21 11:55:30,326 INFO  [Log] Select minimum price from dropdown 
2019-02-21 11:55:32,960 INFO  [Log] Select maximum price from dropdown 
2019-02-21 11:55:35,475 INFO  [Log] Select size filter 
2019-02-21 11:55:37,907 INFO  [Log] Select brand filter 
2019-02-21 11:55:40,579 INFO  [Log] Select color filter 
2019-02-21 11:55:43,030 INFO  [Log]  Select one of the items from the displayed products 
2019-02-21 11:55:45,145 INFO  [Log] Switch window 
2019-02-21 12:25:52,479 INFO  [Log] close login popup 
2019-02-21 12:25:52,574 INFO  [Log]  Mouse over on the women's menu 
2019-02-21 12:25:52,771 INFO  [Log] click ethnic wear 
2019-02-21 12:25:59,718 INFO  [Log] Select minimum price from dropdown 
2019-02-21 12:26:02,403 INFO  [Log] Select maximum price from dropdown 
2019-02-21 12:26:04,862 INFO  [Log] Select size filter 
2019-02-21 12:26:07,296 INFO  [Log] Select brand filter 
2019-02-21 12:26:09,958 INFO  [Log] Select color filter 
2019-02-21 12:26:12,524 INFO  [Log]  Select one of the items from the displayed products 
2019-02-21 12:27:42,156 INFO  [Log] close login popup 
2019-02-21 12:27:42,226 INFO  [Log]  Mouse over on the women's menu 
2019-02-21 12:27:42,423 INFO  [Log] click ethnic wear 
2019-02-21 12:27:52,910 INFO  [Log] Select minimum price from dropdown 
2019-02-21 12:27:55,604 INFO  [Log] Select maximum price from dropdown 
2019-02-21 12:27:58,180 INFO  [Log] Select size filter 
2019-02-21 12:28:00,648 INFO  [Log] Select brand filter 
2019-02-21 12:28:03,302 INFO  [Log] Select color filter 
2019-02-21 12:28:05,705 INFO  [Log]  Select one of the items from the displayed products 
2019-02-21 12:28:07,837 INFO  [Log] Switch window 
2019-02-21 12:28:58,325 INFO  [Log] close login popup 
2019-02-21 12:28:58,411 INFO  [Log]  Mouse over on the women's menu 
2019-02-21 12:28:58,616 INFO  [Log] click ethnic wear 
2019-02-21 12:29:09,952 INFO  [Log] Select minimum price from dropdown 
2019-02-21 12:29:12,610 INFO  [Log] Select maximum price from dropdown 
2019-02-21 12:29:15,295 INFO  [Log] Select size filter 
2019-02-21 12:29:17,795 INFO  [Log] Select brand filter 
2019-02-21 12:29:20,477 INFO  [Log] Select color filter 
2019-02-21 12:29:22,879 INFO  [Log]  Select one of the items from the displayed products 
2019-02-21 12:29:25,004 INFO  [Log] Switch window 
2019-02-21 13:12:03,268 INFO  [Log] close login popup 
2019-02-21 13:12:03,457 INFO  [Log]  Mouse over on the women's menu 
2019-02-21 13:12:03,743 INFO  [Log] click ethnic wear 
2019-02-21 13:12:15,613 INFO  [Log] Select minimum price from dropdown 
2019-02-21 13:12:16,447 INFO  [Log] Select maximum price from dropdown 
2019-02-21 13:13:58,168 INFO  [Log] close login popup 
2019-02-21 13:13:58,279 INFO  [Log]  Mouse over on the women's menu 
2019-02-21 13:13:58,485 INFO  [Log] click ethnic wear 
2019-02-21 13:14:05,880 INFO  [Log] Select minimum price from dropdown 
2019-02-21 13:14:06,576 INFO  [Log] Select maximum price from dropdown 
2019-02-21 13:16:38,933 INFO  [Log] close login popup 
2019-02-21 13:16:39,046 INFO  [Log]  Mouse over on the women's menu 
2019-02-21 13:16:39,259 INFO  [Log] click ethnic wear 
2019-02-21 13:16:47,577 INFO  [Log] Select minimum price from dropdown 
2019-02-21 13:16:48,408 INFO  [Log] Select maximum price from dropdown 
2019-02-21 13:20:34,892 INFO  [Log] close login popup 
2019-02-21 13:20:35,012 INFO  [Log]  Mouse over on the women's menu 
2019-02-21 13:20:35,218 INFO  [Log] click ethnic wear 
2019-02-21 13:20:43,331 INFO  [Log] Select minimum price from dropdown 
2019-02-21 13:20:44,081 INFO  [Log] Select maximum price from dropdown 
2019-02-21 13:27:25,275 INFO  [Log] close login popup 
2019-02-21 13:27:25,401 INFO  [Log]  Mouse over on the women's menu 
2019-02-21 13:27:25,623 INFO  [Log] click ethnic wear 
2019-02-21 13:27:34,864 INFO  [Log] Select minimum price from dropdown 
2019-02-21 13:27:37,613 INFO  [Log] Select maximum price from dropdown 
2019-02-21 13:27:40,205 INFO  [Log] Select size filter 
2019-02-21 13:27:42,791 INFO  [Log] Select brand filter 
2019-02-21 13:27:45,507 INFO  [Log] Select color filter 
2019-02-21 13:27:47,945 INFO  [Log]  Select one of the items from the displayed products 
2019-02-21 13:27:50,125 INFO  [Log] Switch window 
2019-02-21 13:28:40,772 INFO  [Log] close login popup 
2019-02-21 13:28:40,912 INFO  [Log]  Mouse over on the women's menu 
2019-02-21 13:28:41,094 INFO  [Log] click ethnic wear 
2019-02-21 13:28:50,491 INFO  [Log] Select minimum price from dropdown 
2019-02-21 13:28:53,231 INFO  [Log] Select maximum price from dropdown 
2019-02-21 13:28:55,864 INFO  [Log] Select size filter 
2019-02-21 13:28:58,405 INFO  [Log] Select brand filter 
2019-02-21 13:29:01,345 INFO  [Log] Select color filter 
2019-02-21 13:29:03,764 INFO  [Log]  Select one of the items from the displayed products 
2019-02-21 13:29:05,930 INFO  [Log] Switch window 
2019-02-21 13:29:56,559 INFO  [Log] close login popup 
2019-02-21 13:29:56,654 INFO  [Log]  Mouse over on the women's menu 
2019-02-21 13:29:56,868 INFO  [Log] click ethnic wear 
2019-02-21 13:30:05,263 INFO  [Log] Select minimum price from dropdown 
2019-02-21 13:30:08,010 INFO  [Log] Select maximum price from dropdown 
2019-02-21 13:30:10,571 INFO  [Log] Select size filter 
2019-02-21 13:30:13,172 INFO  [Log] Select brand filter 
2019-02-21 13:30:15,958 INFO  [Log] Select color filter 
2019-02-21 13:30:18,431 INFO  [Log]  Select one of the items from the displayed products 
2019-02-21 13:30:20,564 INFO  [Log] Switch window 
2019-02-21 13:33:55,637 INFO  [Log] close login popup 
2019-02-21 13:33:55,748 INFO  [Log]  Mouse over on the women's menu 
2019-02-21 13:33:55,924 INFO  [Log] click ethnic wear 
2019-02-21 13:34:06,166 INFO  [Log] Select minimum price from dropdown 
2019-02-21 13:34:08,886 INFO  [Log] Select maximum price from dropdown 
2019-02-21 13:34:11,675 INFO  [Log] Select brand filter 
2019-02-21 13:35:06,309 INFO  [Log] close login popup 
2019-02-21 13:35:06,480 INFO  [Log]  Mouse over on the women's menu 
2019-02-21 13:35:06,692 INFO  [Log] click ethnic wear 
2019-02-21 13:35:19,582 INFO  [Log] Select minimum price from dropdown 
2019-02-21 13:35:22,296 INFO  [Log] Select maximum price from dropdown 
2019-02-21 13:35:24,792 INFO  [Log] Select size filter 
2019-02-21 13:35:27,278 INFO  [Log] Select brand filter 
2019-02-21 13:35:30,073 INFO  [Log] Select color filter 
2019-02-21 13:35:32,659 INFO  [Log]  Select one of the items from the displayed products 
2019-02-21 13:35:34,807 INFO  [Log] Switch window 
2019-02-21 15:16:08,367 INFO  [Log] close login popup 
2019-02-21 15:16:08,524 INFO  [Log]  Mouse over on the women's menu 
2019-02-21 15:16:08,740 INFO  [Log] click ethnic wear 
2019-02-21 15:16:18,183 INFO  [Log] Select minimum price from dropdown 
2019-02-21 15:16:21,894 INFO  [Log] Select maximum price from dropdown 
2019-02-21 15:16:24,392 INFO  [Log] Select size filter 
2019-02-21 15:16:26,850 INFO  [Log] Select brand filter 
2019-02-21 15:16:29,483 INFO  [Log] Select color filter 
2019-02-21 15:16:31,847 INFO  [Log]  Select one of the items from the displayed products 
2019-02-21 15:16:33,965 INFO  [Log] Switch window 
2019-02-21 15:18:43,123 INFO  [Log] close login popup 
2019-02-21 15:18:43,257 INFO  [Log]  Mouse over on the women's menu 
2019-02-21 15:18:43,474 INFO  [Log] click ethnic wear 
2019-02-21 15:18:52,618 INFO  [Log] Select minimum price from dropdown 
2019-02-21 15:18:56,324 INFO  [Log] Select maximum price from dropdown 
2019-02-21 15:18:59,950 INFO  [Log] Select size filter 
2019-02-21 15:19:03,403 INFO  [Log] Select brand filter 
2019-02-21 15:19:07,116 INFO  [Log] Select color filter 
2019-02-21 15:19:10,505 INFO  [Log]  Select one of the items from the displayed products 
2019-02-21 15:19:13,619 INFO  [Log] Switch window 
2019-03-05 15:04:38,279 INFO  [Log] close login popup 
2019-03-05 15:04:38,479 INFO  [Log]  Mouse over on the women's menu 
2019-03-05 15:04:38,550 INFO  [Log] click ethnic wear 
2019-03-05 15:04:39,115 INFO  [Log] Select minimum price from dropdown 
2019-03-05 15:12:39,104 INFO  [Log] close login popup 
2019-03-05 15:12:39,245 INFO  [Log]  Mouse over on the women's menu 
2019-03-05 15:12:39,318 INFO  [Log] click ethnic wear 
2019-03-05 15:12:43,950 INFO  [Log] Select minimum price from dropdown 
2019-03-05 15:12:47,636 INFO  [Log] Select maximum price from dropdown 
2019-03-05 15:12:50,884 INFO  [Log] Select size filter 
2019-03-05 15:12:54,248 INFO  [Log] Select brand filter 
2019-03-05 15:12:57,518 INFO  [Log] Select color filter 
2019-03-05 15:13:00,787 INFO  [Log]  Select one of the items from the displayed products 
2019-03-05 15:13:03,943 INFO  [Log] Switch window 
2019-03-05 15:19:10,069 INFO  [Log] close login popup 
2019-03-05 15:19:10,193 INFO  [Log]  Mouse over on the women's menu 
2019-03-05 15:19:10,261 INFO  [Log] click ethnic wear 
2019-03-05 15:19:12,988 INFO  [Log] Select minimum price from dropdown 
2019-03-05 15:19:16,388 INFO  [Log] Select maximum price from dropdown 
2019-03-05 15:19:19,656 INFO  [Log] Select size filter 
2019-03-05 15:19:22,912 INFO  [Log] Select brand filter 
2019-03-05 15:19:26,192 INFO  [Log] Select color filter 
2019-03-05 15:19:29,428 INFO  [Log]  Select one of the items from the displayed products 
2019-03-06 10:12:55,017 INFO  [Log] close login popup 
2019-03-06 10:12:55,137 INFO  [Log]  Mouse over on the women's menu 
2019-03-06 10:12:55,218 INFO  [Log] click ethnic wear 
2019-03-06 10:12:55,751 INFO  [Log] Select minimum price from dropdown 
